VirtualBox XPCOM Server 5.2.26 r128414 linux.amd64 (Jan 25 2019 20:50:35) release log
00:00:00.000309 main     Log opened 2019-05-02T07:23:24.076446000Z
00:00:00.000311 main     Build Type: release
00:00:00.000317 main     OS Product: Linux
00:00:00.000320 main     OS Release: 5.0.10-gentoo
00:00:00.000322 main     OS Version: #1 SMP Sun Apr 28 08:19:54 CEST 2019
00:00:00.000356 main     DMI Product Name: Dell DXP061                  
00:00:00.000369 main     DMI Product Version: 
00:00:00.000427 main     Host RAM: 5898MB (5.7GB) total, 4557MB (4.4GB) available
00:00:00.000433 main     Executable: /opt/VirtualBox/VBoxSVC
00:00:00.000434 main     Process ID: 8054
00:00:00.000435 main     Package type: LINUX_64BITS_GENERIC
00:00:00.002172 main     IPC socket path: /tmp/.vbox-ilnanny-ipc/ipcd
00:00:00.105822 nspr-2   VirtualBox: object creation starts
00:00:00.105934 nspr-2   Home directory: '/home/ilnanny/.config/VirtualBox'
00:00:00.106144 nspr-2   Loading settings file "/home/ilnanny/.config/VirtualBox/VirtualBox.xml" with version "1.12-linux"
00:00:00.108272 nspr-2   Successfully initialised host USB using sysfs
00:00:00.117326 nspr-2   NetIfAdpCtlOut: VBoxNetAdpCtl: Error while retrieving link status for wlp0s26f7u1: VBoxNetAdpCtl: ioctl failed: Operation not supported
00:00:00.121584 nspr-2   NetIfAdpCtlOut: VBoxNetAdpCtl: Error while retrieving link speed for wlan1: VBoxNetAdpCtl: ioctl failed: Operation not supported
00:00:00.122351 nspr-2   NAT: resolv.conf: nameserver 192.168.1.254
00:00:00.122369 nspr-2   NAT: resolv.conf: nameserver 2001:b07:2e2:98e0::1
00:00:00.122396 nspr-2   HostDnsMonitor: old information
00:00:00.122403 nspr-2     no server entries
00:00:00.122412 nspr-2     no domain set
00:00:00.122418 nspr-2     no search string entries
00:00:00.122424 nspr-2   HostDnsMonitor: new information
00:00:00.122430 nspr-2     server 1: 192.168.1.254
00:00:00.122436 nspr-2     server 2: 2001:b07:2e2:98e0::1
00:00:00.122442 nspr-2     domain: lan
00:00:00.122448 nspr-2     search string 1: lan
00:00:00.122460 nspr-2   HostDnsMonitorProxy::notify
00:00:00.124043 nspr-2   Failed to open "/dev/vboxdrvu", errno=13, rc=VERR_VM_DRIVER_NOT_ACCESSIBLE
00:00:00.124632 nspr-2   VD: VDInit finished with VINF_SUCCESS
00:00:00.128762 nspr-2   Loading settings file "/home/ilnanny/VirtualBox VMs/prova/prova.vbox" with version "1.16-linux"
00:00:00.132001 nspr-2   VirtualBox: object created
00:00:04.875459 nspr-2   Saving settings file "/home/ilnanny/.config/VirtualBox/VirtualBox.xml" with version "1.12-linux"
00:00:05.391045 nspr-2   ERROR [COM]: aRC=E_ACCESSDENIED (0x80070005) aIID={4afe423b-43e0-e9d0-82e8-ceb307940dda} aComponent={MediumWrap} aText={The object is not ready}, preserve=false aResultDetail=0
00:00:06.316653 nspr-4   Saving settings file "/home/ilnanny/.config/VirtualBox/VirtualBox.xml" with version "1.12-linux"
00:00:06.331901 nspr-4   Saving settings file "/home/ilnanny/.config/VirtualBox/VirtualBox.xml" with version "1.12-linux"
00:00:11.849412 main     VirtualBox: object deletion starts
00:00:12.137789 Watcher  ERROR [COM]: aRC=E_ACCESSDENIED (0x80070005) aIID={9570b9d5-f1a1-448a-10c5-e12f5285adad} aComponent={VirtualBoxWrap} aText={The object is not ready}, preserve=false aResultDetail=0
00:00:16.897638 main     {00007f7bec01b100} HostPowerServiceLinux::~HostPowerServiceLinux: RTThreadWait() for 5000 ms failed with VERR_TIMEOUT
00:00:16.898286 main     VirtualBox: object deleted
