Estensione "LaTeX" non caricata perchè una dipendenza non è stata soddisfatta.
Dipendenza:
  tipo: executable
  posizione: tracciato
  stringa: latex

Estensione "LaTeX" non caricata perchè una dipendenza non è stata soddisfatta.
Dipendenza:
  tipo: executable
  posizione: tracciato
  stringa: dvips

Estensione "LaTeX" non caricata perchè una dipendenza non è stata soddisfatta.
Dipendenza:
  tipo: executable
  posizione: tracciato
  stringa: pstoedit

Estensione "Sketch Input" non caricata perchè una dipendenza non è stata soddisfatta.
Dipendenza:
  tipo: executable
  posizione: tracciato
  stringa: skconvert

Estensione "XFIG Input" non caricata perchè una dipendenza non è stata soddisfatta.
Dipendenza:
  tipo: executable
  posizione: tracciato
  stringa: fig2dev

Estensione "DXF Output" non caricata perchè una dipendenza non è stata soddisfatta.
Dipendenza:
  tipo: executable
  posizione: tracciato
  stringa: pstoedit
  descrizione: pstoedit deve essere installato; consultare http://www.pstoedit.net/pstoedit

Estensione "Dia Input" non caricata perchè una dipendenza non è stata soddisfatta.
Dipendenza:
  tipo: executable
  posizione: tracciato
  stringa: dia
  descrizione: Per importare file Dia, Dia deve essere installato. Lo si può reperire presso http://live.gnome.org/Dia/

Estensione "GIMP XCF" non caricata perchè una dipendenza non è stata soddisfatta.
Dipendenza:
  tipo: executable
  posizione: tracciato
  stringa: gimp

Estensione "Win32 Vector Print" non caricata perchè l'estensione è stata programmata solo per Windows.  Questo può essere causato da un file .inx scorretto per l'estensione. Un file .inx scorretto potrebbe essere causato da un'installazione problematica di Inkscape.
